Copyright 1986-2020 Xilinx, Inc. All Rights Reserved.
------------------------------------------------------------------------------------
| Tool Version : Vivado v.2020.2 (win64) Build 3064766 Wed Nov 18 09:12:45 MST 2020
| Date         : Tue Mar 23 12:23:55 2021
| Host         : BZ-ECE-7F8ZR33 running 64-bit major release  (build 9200)
| Command      : upgrade_ip
| Device       : xc7a35tcpg236-1
------------------------------------------------------------------------------------

Upgrade Log for IP 'sem_0'

1. Summary
----------

SUCCESS in the conversion of sem_0 (xilinx.com:ip:sem:4.1 (Rev. 13)) to Vivado generation flows.






Copyright 1986-2020 Xilinx, Inc. All Rights Reserved.
------------------------------------------------------------------------------------
| Tool Version : Vivado v.2020.2 (win64) Build 3064766 Wed Nov 18 09:12:45 MST 2020
| Date         : Fri Mar 19 11:06:29 2021
| Host         : BZ-ECE-7F8ZR33 running 64-bit major release  (build 9200)
| Command      : upgrade_ip
| Device       : xc7a35tcpg236-1
------------------------------------------------------------------------------------

Upgrade Log for IP 'sem_0'

1. Summary
----------

SUCCESS in the conversion of sem_0 (xilinx.com:ip:sem:4.1 (Rev. 13)) to Vivado generation flows.






Copyright 1986-2020 Xilinx, Inc. All Rights Reserved.
------------------------------------------------------------------------------------
| Tool Version : Vivado v.2020.2 (win64) Build 3064766 Wed Nov 18 09:12:45 MST 2020
| Date         : Tue Mar 16 15:59:59 2021
| Host         : BZ-ECE-7F8ZR33 running 64-bit major release  (build 9200)
| Command      : upgrade_ip
| Device       : xc7a35tcpg236-1
------------------------------------------------------------------------------------

Upgrade Log for IP 'sem_0'

1. Summary
----------

SUCCESS in the conversion of sem_0 (xilinx.com:ip:sem:4.1 (Rev. 13)) to Vivado generation flows.

